BUILD: Examining g:\system\project\cpp\portio\driver10 directory for files to compile.
1>Compiling and Linking g:\system\project\cpp\portio\driver10 *************
1>'nmake.exe /nologo BUILDMSG=Stop. -i BUILD_PASS=PASS2 LINKONLY=1 NOPASS0=1 MAKEDIR_RELATIVE_TO_BASEDIR='
1>g:\system\project\cpp\portio\driver10: TARGETPATH is obj
1> rc.exe -l 409 -DSXS_PROCESSOR_ARCHITECTURE="""x86"""  -DSXS_TARGET="""Driver10.sys"""   -DSYSTEM_COMPATIBLE_ASSEMBLY_NAME="""Microsoft.Windows.SystemCompatible"""  -DLSYSTEM_COMPATIBLE_ASSEMBLY_NAME=L"""Microsoft.Windows.SystemCompatible"""   -DSXS_ASSEMBLY_VERSION=""""""  /r /fo g:\system\project\cpp\portio\driver10\objchk_win7_x86\i386\drvversion.res /D_X86_=1 /Di386=1  /DSTD_CALL /DCONDITION_HANDLING=1 /DNT_UP=1  /DNT_INST=0 /DWIN32=100 /D_NT1X_=100 /DWINNT=1 /D_WIN32_WINNT=0x0601 /DWINVER=0x0601 /D_WIN32_IE=0x0800    /DWIN32_LEAN_AND_MEAN=1  /DDEVL=1 /DDBG=1 /D__BUILDMACHINE__=WinDDK /DFPO=0   /D_DLL=1 /DNDEBUG  /DDEPRECATE_DDK_FUNCTIONS=1 /DMSC_NOOPT /DNTDDI_VERSION=0x06010000   /Ig:\system\project\cpp\portio\driver10\objchk_win7_x86\i386 /IC:\WinDDK\760016~1.1\inc\api /IC:\WinDDK\760016~1.1\inc\api /IC:\WinDDK\760016~1.1\inc\ddk /IC:\WinDDK\760016~1.1\inc\ddk /IC:\WinDDK\760016~1.1\inc\wdf\kmdf\1.9 /IC:\WinDDK\760016~1.1\inc\crt .\drvversion.rc
1>Microsoft (R) Windows (R) Resource Compiler Version 6.1.6908.0
1>Copyright (C) Microsoft Corporation.  All rights reserved.
1> cl @g:\system\project\cpp\portio\driver10\objchk_win7_x86\i386\cl.rsp
1>driver10.cpp
1>Microsoft (R) 32-bit C/C++ Optimizing Compiler Version 15.00.30729.207 for 80x86
1>Copyright (C) Microsoft Corporation.  All rights reserved.
1>cl /Fo"g:\system\project\cpp\portio\driver10\objchk_win7_x86\i386/"
1> /FC
1> /Ii386
1> /I.
1> /Ig:\system\project\cpp\portio\driver10\objchk_win7_x86\i386
1> /IC:\WinDDK\760016~1.1\inc\api
1> /IC:\WinDDK\760016~1.1\inc\api
1> /IC:\WinDDK\760016~1.1\inc\ddk
1> /IC:\WinDDK\760016~1.1\inc\ddk
1> /IC:\WinDDK\760016~1.1\inc\wdf\kmdf\1.9
1> /IC:\WinDDK\760016~1.1\inc\crt
1> /D_X86_=1
1> /Di386=1
1> /DSTD_CALL
1> /DCONDITION_HANDLING=1
1> /DNT_UP=1
1> /DNT_INST=0
1> /DWIN32=100
1> /D_NT1X_=100
1> /DWINNT=1
1> /D_WIN32_WINNT=0x0601
1> /DWINVER=0x0601
1> /D_WIN32_IE=0x0800
1> /DWIN32_LEAN_AND_MEAN=1
1> /DDEVL=1
1> /DDBG=1
1> /D__BUILDMACHINE__=WinDDK
1> /DFPO=0
1> /D_DLL=1
1> /DNDEBUG
1> /DDEPRECATE_DDK_FUNCTIONS=1
1> /DMSC_NOOPT
1> /DNTDDI_VERSION=0x06010000
1> /c
1> /Zc:wchar_t-
1> /Zl
1> /Zp8
1> /Gy
1> /Gm-
1> -cbstring
1> /W3
1> /Gz
1> /hotpatch
1> /EHs-c-
1> /GR-
1> /GF
1> /GS
1> /Zi
1> /Od
1> /Oi
1> /Oy-
1> /Zi
1> /Fdg:\system\project\cpp\portio\driver10\objchk_win7_x86\i386\
1> /DKMDF_MAJOR_VERSION=1
1> /DKMDF_MINOR_VERSION=9
1> /DKMDF_MAJOR_VERSION_STRING=01
1> /DKMDF_MINOR_VERSION_STRING=009
1> /wd4603
1> /wd4627
1> /typedil-
1> /FIC:\WinDDK\760016~1.1\inc\api\warning.h
1> .\driver10.cpp 
1>driver10.cpp
1>g:\system\project\cpp\portio\driver10\driver10.cpp(785) : warning C4129: 'C' : unrecognized character escape sequence
1>warnings in directory g:\system\project\cpp\portio\driver10
1>g:\system\project\cpp\portio\driver10\driver10.cpp(785) : warning C4129: 'C' : unrecognized character escape sequence
1> link.exe /out:g:\system\project\cpp\portio\driver10\objchk_win7_x86\i386\Driver10.sys /machine:ix86 @g:\system\project\cpp\portio\driver10\objchk_win7_x86\i386\lnk.rsp
1>Microsoft (R) Incremental Linker Version 9.00.30729.207
1>Copyright (C) Microsoft Corporation.  All rights reserved.
1>/MERGE:_PAGE=PAGE 
1>/MERGE:_TEXT=.text 
1>/SECTION:INIT,d 
1>/OPT:REF 
1>/OPT:ICF 
1>/IGNORE:4198,4010,4037,4039,4065,4070,4078,4087,4089,4221 
1>/INCREMENTAL:NO 
1>/release 
1>/NODEFAULTLIB 
1>/WX 
1>/debug 
1>/debugtype:cv,fixup,pdata 
1>/version:6.1 
1>/osversion:6.1 
1>/functionpadmin:5 
1>/safeseh 
1>/pdbcompress 
1>/STACK:0x40000,0x1000 
1>/driver 
1>/base:0x10000 
1>/subsystem:native,6.01 
1>/entry:FxDriverEntry@8 
1>/out:g:\system\project\cpp\portio\driver10\objchk_win7_x86\i386\Driver10.sys 
1>g:\system\project\cpp\portio\driver10\objchk_win7_x86\i386\drvversion.res 
1>g:\system\project\cpp\portio\driver10\objchk_win7_x86\i386\driver10.obj 
1>C:\WinDDK\760016~1.1\lib\win7\i386\BufferOverflowK.lib 
1>C:\WinDDK\760016~1.1\lib\win7\i386\ntoskrnl.lib 
1>C:\WinDDK\760016~1.1\lib\win7\i386\hal.lib 
1>C:\WinDDK\760016~1.1\lib\win7\i386\wmilib.lib 
1>C:\WinDDK\760016~1.1\lib\wdf\kmdf\i386\1.9\WdfLdr.lib 
1>C:\WinDDK\760016~1.1\lib\wdf\kmdf\i386\1.9\WdfDriverEntry.lib 
